<?xml version="1.0" encoding="utf-8" standalone="no"?>
<!--This file represents the results of running a test suite-->
<test-results name="C:\Development\tools\Castle.Components.Validator\build\.NETFramework-v3.5\Debug\Castle.Components.Validator.Tests.dll" total="125" errors="0" failures="0" not-run="5" inconclusive="0" ignored="5" skipped="0" invalid="0" date="2010-07-21" time="19:10:01">
  <environment nunit-version="2.5.3.9345" clr-version="2.0.50727.4927" os-version="Microsoft Windows NT 6.1.7600.0" platform="Win32NT" cwd="C:\Development\tools\Castle.Components.Validator\buildscripts" machine-name="DSK-WIN7-10" user="chris" user-domain="STORM" />
  <culture-info current-culture="en-GB" current-uiculture="en-US" />
  <test-suite name="C:\Development\tools\Castle.Components.Validator\build\.NETFramework-v3.5\Debug\Castle.Components.Validator.Tests.dll" executed="True" success="True" time="1.234" asserts="0">
    <results>
      <test-suite name="Castle" executed="True" success="True" time="1.176" asserts="0">
        <results>
          <test-suite name="Components" executed="True" success="True" time="1.158" asserts="0">
            <results>
              <test-suite name="Validator" executed="True" success="True" time="1.140" asserts="0">
                <results>
                  <test-suite name="Tests" executed="True" success="True" time="1.126" asserts="0">
                    <results>
                      <test-suite name="CachedValidationRegistryTestCase" executed="True" success="True" time="0.407" asserts="0">
                        <results>
                          <test-case name="Castle.Components.Validator.Tests.CachedValidationRegistryTestCase.AttributeOrderTest" executed="True" success="True" time="0.088" asserts="4" />
                          <test-case name="Castle.Components.Validator.Tests.CachedValidationRegistryTestCase.GetValidators_in_a_DynamicProxy_virtual_Property" executed="True" success="True" time="0.218" asserts="1" />
                          <test-case name="Castle.Components.Validator.Tests.CachedValidationRegistryTestCase.RunWhenCustomTest" executed="True" success="True" time="0.004" asserts="11" />
                          <test-case name="Castle.Components.Validator.Tests.CachedValidationRegistryTestCase.RunWhenEverytimeTest" executed="True" success="True" time="0.001" asserts="10" />
                          <test-case name="Castle.Components.Validator.Tests.CachedValidationRegistryTestCase.WillFallbackToDefaultResourceIfNotFoundOnCustomOne" executed="True" success="True" time="0.087" asserts="1" />
                          <test-case name="Castle.Components.Validator.Tests.CachedValidationRegistryTestCase.WithCustomResource" executed="True" success="True" time="0.001" asserts="1" />
                        </results>
                      </test-suite>
                      <test-suite name="ContributorsTests" executed="True" success="True" time="0.018" asserts="0">
                        <results>
                          <test-suite name="SelfValidationContributorTestCase" executed="True" success="True" time="0.011" asserts="0">
                            <results>
                              <test-case name="Castle.Components.Validator.Tests.ContributorsTests.SelfValidationContributorTestCase.HonorsRunWhen" executed="True" success="True" time="0.004" asserts="4" />
                              <test-case name="Castle.Components.Validator.Tests.ContributorsTests.SelfValidationContributorTestCase.ObjectValidator" executed="True" success="True" time="0.000" asserts="2" />
                              <test-case name="Castle.Components.Validator.Tests.ContributorsTests.SelfValidationContributorTestCase.ThrowsOnInvalidTarget" executed="True" success="True" time="0.006" asserts="0" />
                            </results>
                          </test-suite>
                          <test-suite name="ValidatorContainerInterfaceContributorTestCase" executed="True" success="True" time="0.007" asserts="0">
                            <results>
                              <test-case name="Castle.Components.Validator.Tests.ContributorsTests.ValidatorContainerInterfaceContributorTestCase.AssertErrorsAreFoundInImplementedInterfaceMembers" executed="True" success="True" time="0.004" asserts="2" />
                              <test-case name="Castle.Components.Validator.Tests.ContributorsTests.ValidatorContainerInterfaceContributorTestCase.HonorsRunWhen" executed="True" success="True" time="0.001" asserts="3" />
                            </results>
                          </test-suite>
                        </results>
                      </test-suite>
                      <test-suite name="ErrorSummaryTestCase" executed="True" success="True" time="0.003" asserts="0">
                        <results>
                          <test-case name="Castle.Components.Validator.Tests.ErrorSummaryTestCase.SummaryBasicFunctionality" executed="True" success="True" time="0.003" asserts="5" />
                        </results>
                      </test-suite>
                      <test-suite name="LocalizationTests" executed="True" success="True" time="0.176" asserts="0">
                        <results>
                          <test-suite name="ErrorMessageAndFriendlyNameResourceLocalizationTestCase" executed="True" success="True" time="0.175" asserts="0">
                            <results>
                              <test-case name="Castle.Components.Validator.Tests.LocalizationTests.ErrorMessageAndFriendlyNameResourceLocalizationTestCase.LocalizedValidation_IsOk_WhenMessagesExists" executed="True" success="True" time="0.086" asserts="3" />
                              <test-case name="Castle.Components.Validator.Tests.LocalizationTests.ErrorMessageAndFriendlyNameResourceLocalizationTestCase.LocalizedValidation_ThrowsArgumentException_When_ErrorMessageKeyNullOrEmpty" executed="False">
                                <reason>
                                  <message><![CDATA[Won't pass on non-english system]]></message>
                                </reason>
                              </test-case>
                              <test-case name="Castle.Components.Validator.Tests.LocalizationTests.ErrorMessageAndFriendlyNameResourceLocalizationTestCase.LocalizedValidation_ThrowsArgumentException_When_FriendlyNameKeyNullOrEmpty" executed="False">
                                <reason>
                                  <message><![CDATA[Won't pass on non-english system]]></message>
                                </reason>
                              </test-case>
                              <test-case name="Castle.Components.Validator.Tests.LocalizationTests.ErrorMessageAndFriendlyNameResourceLocalizationTestCase.LocalizedValidation_ThrowsArgumentException_When_ResourceTypeNotSet" executed="True" success="True" time="0.001" asserts="1" />
                              <test-case name="Castle.Components.Validator.Tests.LocalizationTests.ErrorMessageAndFriendlyNameResourceLocalizationTestCase.LocalizedValidation_ThrowsArgumentException_When_ResourceTypeNull" executed="False">
                                <reason>
                                  <message><![CDATA[Won't pass on non-english system]]></message>
                                </reason>
                              </test-case>
                              <test-case name="Castle.Components.Validator.Tests.LocalizationTests.ErrorMessageAndFriendlyNameResourceLocalizationTestCase.LocalizedValidation_ThrowsInvalidOperationException_When_NoLocalizationExists" executed="True" success="True" time="0.001" asserts="1" />
                              <test-case name="Castle.Components.Validator.Tests.LocalizationTests.ErrorMessageAndFriendlyNameResourceLocalizationTestCase.LocalizedValidation_Uses_CurrentUICultureLocalization" executed="False">
                                <reason>
                                  <message><![CDATA[Doesn't pass when run from command line - anyone?]]></message>
                                </reason>
                              </test-case>
                              <test-case name="Castle.Components.Validator.Tests.LocalizationTests.ErrorMessageAndFriendlyNameResourceLocalizationTestCase.LocalizedValidation_Uses_DefaultCulture_When_MessageDoesNotExists_In_LocalCulture" executed="True" success="True" time="0.000" asserts="3" />
                              <test-case name="Castle.Components.Validator.Tests.LocalizationTests.ErrorMessageAndFriendlyNameResourceLocalizationTestCase.LocalizedValidation_Uses_DefaultCulture_When_NoLocalIsAvailable" executed="True" success="True" time="0.085" asserts="3" />
                            </results>
                          </test-suite>
                        </results>
                      </test-suite>
                      <test-suite name="ValidatorRunnerTestCase" executed="True" success="True" time="0.020" asserts="0">
                        <results>
                          <test-case name="Castle.Components.Validator.Tests.ValidatorRunnerTestCase.ExecutesCustomContributors" executed="True" success="True" time="0.000" asserts="5" />
                          <test-case name="Castle.Components.Validator.Tests.ValidatorRunnerTestCase.ExecutesSelfValidationByDefault" executed="True" success="True" time="0.000" asserts="5" />
                          <test-case name="Castle.Components.Validator.Tests.ValidatorRunnerTestCase.GroupValidation" executed="True" success="True" time="0.010" asserts="3" />
                          <test-case name="Castle.Components.Validator.Tests.ValidatorRunnerTestCase.InheritanceTest" executed="True" success="True" time="0.006" asserts="2" />
                          <test-case name="Castle.Components.Validator.Tests.ValidatorRunnerTestCase.IsValidForEverything" executed="True" success="True" time="0.001" asserts="2" />
                          <test-case name="Castle.Components.Validator.Tests.ValidatorRunnerTestCase.IsValidForInsertUpdate" executed="True" success="True" time="0.001" asserts="4" />
                        </results>
                      </test-suite>
                      <test-suite name="ValidatorRunnerTestCaseForComp58" executed="True" success="True" time="0.015" asserts="0">
                        <results>
                          <test-case name="Castle.Components.Validator.Tests.ValidatorRunnerTestCaseForComp58.ValidatorRunnerTestCase.ExecutesCustomContributors" executed="True" success="True" time="0.000" asserts="5" />
                          <test-case name="Castle.Components.Validator.Tests.ValidatorRunnerTestCaseForComp58.ValidatorRunnerTestCase.ExecutesSelfValidationByDefault" executed="True" success="True" time="0.000" asserts="5" />
                          <test-case name="Castle.Components.Validator.Tests.ValidatorRunnerTestCaseForComp58.ValidatorRunnerTestCase.GroupValidation" executed="True" success="True" time="0.005" asserts="3" />
                          <test-case name="Castle.Components.Validator.Tests.ValidatorRunnerTestCaseForComp58.ValidatorRunnerTestCase.InheritanceTest" executed="True" success="True" time="0.006" asserts="2" />
                          <test-case name="Castle.Components.Validator.Tests.ValidatorRunnerTestCaseForComp58.ValidatorRunnerTestCase.IsValidForEverything" executed="True" success="True" time="0.001" asserts="2" />
                          <test-case name="Castle.Components.Validator.Tests.ValidatorRunnerTestCaseForComp58.ValidatorRunnerTestCase.IsValidForInsertUpdate" executed="True" success="True" time="0.001" asserts="4" />
                        </results>
                      </test-suite>
                      <test-suite name="ValidatorsExecutionOrderTestCase" executed="True" success="True" time="0.002" asserts="0">
                        <results>
                          <test-case name="Castle.Components.Validator.Tests.ValidatorsExecutionOrderTestCase.ValidationOrderTest" executed="True" success="True" time="0.002" asserts="4" />
                        </results>
                      </test-suite>
                      <test-suite name="ValidatorTests" executed="True" success="True" time="0.477" asserts="0">
                        <results>
                          <test-suite name="CollectionNotEmptyValidatorTestCase" executed="True" success="True" time="0.001" asserts="0">
                            <results>
                              <test-case name="Castle.Components.Validator.Tests.ValidatorTests.CollectionNotEmptyValidatorTestCase.NonEmptyCollection" executed="True" success="True" time="0.001" asserts="1" />
                              <test-case name="Castle.Components.Validator.Tests.ValidatorTests.CollectionNotEmptyValidatorTestCase.NullAndEmptyCollections" executed="True" success="True" time="0.000" asserts="2" />
                            </results>
                          </test-suite>
                          <test-suite name="CreditCardValidatorTestCase" executed="True" success="True" time="0.022" asserts="0">
                            <results>
                              <test-case name="Castle.Components.Validator.Tests.ValidatorTests.CreditCardValidatorTestCase.CreditCardValidatorTest" executed="True" success="True" time="0.022" asserts="10" />
                            </results>
                          </test-suite>
                          <test-suite name="DateTimeValidatorTestCase" executed="True" success="True" time="0.001" asserts="0">
                            <results>
                              <test-case name="Castle.Components.Validator.Tests.ValidatorTests.DateTimeValidatorTestCase.InvalidDate" executed="True" success="True" time="0.001" asserts="4" />
                              <test-case name="Castle.Components.Validator.Tests.ValidatorTests.DateTimeValidatorTestCase.ValidDate" executed="True" success="True" time="0.000" asserts="5" />
                            </results>
                          </test-suite>
                          <test-suite name="DateValidatorTestCase" executed="True" success="True" time="0.002" asserts="0">
                            <results>
                              <test-case name="Castle.Components.Validator.Tests.ValidatorTests.DateValidatorTestCase.InvalidDate" executed="True" success="True" time="0.001" asserts="5" />
                              <test-case name="Castle.Components.Validator.Tests.ValidatorTests.DateValidatorTestCase.ValidDate" executed="True" success="True" time="0.001" asserts="4" />
                            </results>
                          </test-suite>
                          <test-suite name="DecimalValidatorTestCase" executed="True" success="True" time="0.002" asserts="0">
                            <results>
                              <test-case name="Castle.Components.Validator.Tests.ValidatorTests.DecimalValidatorTestCase.InvalidDecimal" executed="True" success="True" time="0.000" asserts="1" />
                              <test-case name="Castle.Components.Validator.Tests.ValidatorTests.DecimalValidatorTestCase.ValidDecimal" executed="True" success="True" time="0.000" asserts="6" />
                            </results>
                          </test-suite>
                          <test-suite name="DoubleValidatorTestCase" executed="True" success="True" time="0.002" asserts="0">
                            <results>
                              <test-case name="Castle.Components.Validator.Tests.ValidatorTests.DoubleValidatorTestCase.InvalidDouble" executed="True" success="True" time="0.000" asserts="1" />
                              <test-case name="Castle.Components.Validator.Tests.ValidatorTests.DoubleValidatorTestCase.ValidDouble" executed="True" success="True" time="0.000" asserts="6" />
                            </results>
                          </test-suite>
                          <test-suite name="EmailValidatorTestCase" executed="True" success="True" time="0.020" asserts="0">
                            <results>
                              <test-case name="Castle.Components.Validator.Tests.ValidatorTests.EmailValidatorTestCase.COMP54_ApostrophesShouldBeAllowed" executed="True" success="True" time="0.004" asserts="1" />
                              <test-case name="Castle.Components.Validator.Tests.ValidatorTests.EmailValidatorTestCase.COMP99_PlusShouldBeAllowed" executed="True" success="True" time="0.004" asserts="1" />
                              <test-case name="Castle.Components.Validator.Tests.ValidatorTests.EmailValidatorTestCase.InvalidEmail" executed="True" success="True" time="0.005" asserts="2" />
                              <test-case name="Castle.Components.Validator.Tests.ValidatorTests.EmailValidatorTestCase.ValidEmail" executed="True" success="True" time="0.005" asserts="6" />
                            </results>
                          </test-suite>
                          <test-suite name="GroupNotEmptyValidatorTestCase" executed="True" success="True" time="0.003" asserts="0">
                            <results>
                              <test-case name="Castle.Components.Validator.Tests.ValidatorTests.GroupNotEmptyValidatorTestCase.BothEmptyStrings" executed="True" success="True" time="0.000" asserts="1" />
                              <test-case name="Castle.Components.Validator.Tests.ValidatorTests.GroupNotEmptyValidatorTestCase.BothNonEmptyStrings" executed="True" success="True" time="0.000" asserts="1" />
                              <test-case name="Castle.Components.Validator.Tests.ValidatorTests.GroupNotEmptyValidatorTestCase.ErrorMessage" executed="True" success="True" time="0.000" asserts="2" />
                              <test-case name="Castle.Components.Validator.Tests.ValidatorTests.GroupNotEmptyValidatorTestCase.FirstEmptySecondFull" executed="True" success="True" time="0.001" asserts="1" />
                              <test-case name="Castle.Components.Validator.Tests.ValidatorTests.GroupNotEmptyValidatorTestCase.FirstFullSecondEmpty" executed="True" success="True" time="0.000" asserts="1" />
                            </results>
                          </test-suite>
                          <test-suite name="GuidValidatorTestCase" executed="True" success="True" time="0.010" asserts="0">
                            <results>
                              <test-case name="Castle.Components.Validator.Tests.ValidatorTests.GuidValidatorTestCase.EmptyGuidIsRejectedWhenWeSaySo" executed="True" success="True" time="0.004" asserts="1" />
                              <test-case name="Castle.Components.Validator.Tests.ValidatorTests.GuidValidatorTestCase.InvalidGuids" executed="True" success="True" time="0.003" asserts="10" />
                              <test-case name="Castle.Components.Validator.Tests.ValidatorTests.GuidValidatorTestCase.ValidGuids" executed="True" success="True" time="0.003" asserts="4" />
                            </results>
                          </test-suite>
                          <test-suite name="IntegerValidatorTestCase" executed="True" success="True" time="0.003" asserts="0">
                            <results>
                              <test-case name="Castle.Components.Validator.Tests.ValidatorTests.IntegerValidatorTestCase.InvalidInteger" executed="True" success="True" time="0.000" asserts="3" />
                              <test-case name="Castle.Components.Validator.Tests.ValidatorTests.IntegerValidatorTestCase.ValidInt16" executed="True" success="True" time="0.000" asserts="6" />
                              <test-case name="Castle.Components.Validator.Tests.ValidatorTests.IntegerValidatorTestCase.ValidInt64" executed="True" success="True" time="0.001" asserts="6" />
                              <test-case name="Castle.Components.Validator.Tests.ValidatorTests.IntegerValidatorTestCase.ValidInteger" executed="True" success="True" time="0.000" asserts="4" />
                              <test-case name="Castle.Components.Validator.Tests.ValidatorTests.IntegerValidatorTestCase.ValidNullableInt16" executed="True" success="True" time="0.001" asserts="6" />
                              <test-case name="Castle.Components.Validator.Tests.ValidatorTests.IntegerValidatorTestCase.ValidNullableInt64" executed="True" success="True" time="0.000" asserts="6" />
                            </results>
                          </test-suite>
                          <test-suite name="IPAddressValidatorTestCase" executed="True" success="True" time="0.040" asserts="0">
                            <results>
                              <test-case name="Castle.Components.Validator.Tests.ValidatorTests.IPAddressValidatorTestCase.Accepts_System_Net_IPAddress" executed="True" success="True" time="0.037" asserts="1" />
                              <test-case name="Castle.Components.Validator.Tests.ValidatorTests.IPAddressValidatorTestCase.Fails_On_Invalid_Dotted_IPAddresses" executed="True" success="True" time="0.000" asserts="4" />
                              <test-case name="Castle.Components.Validator.Tests.ValidatorTests.IPAddressValidatorTestCase.Fails_On_Invalid_Numeric_IPAddresses" executed="True" success="True" time="0.000" asserts="3" />
                              <test-case name="Castle.Components.Validator.Tests.ValidatorTests.IPAddressValidatorTestCase.Fails_On_Invalid_Textual_IPAddresses" executed="True" success="True" time="0.000" asserts="2" />
                              <test-case name="Castle.Components.Validator.Tests.ValidatorTests.IPAddressValidatorTestCase.Localized_Error_Messages_Can_Be_Obtained" executed="False">
                                <reason>
                                  <message><![CDATA[Doesn't pass when run from command line - anyone?]]></message>
                                </reason>
                              </test-case>
                              <test-case name="Castle.Components.Validator.Tests.ValidatorTests.IPAddressValidatorTestCase.NullOrEmptyStrings_Are_Valid" executed="True" success="True" time="0.000" asserts="2" />
                              <test-case name="Castle.Components.Validator.Tests.ValidatorTests.IPAddressValidatorTestCase.Succeeds_On_Valid_Dotted_IPAddresses" executed="True" success="True" time="0.000" asserts="5" />
                              <test-case name="Castle.Components.Validator.Tests.ValidatorTests.IPAddressValidatorTestCase.Succeeds_On_Valid_Numeric_IPAddresses" executed="True" success="True" time="0.000" asserts="5" />
                            </results>
                          </test-suite>
                          <test-suite name="LengthValidatorTestCase" executed="True" success="True" time="0.001" asserts="0">
                            <results>
                              <test-case name="Castle.Components.Validator.Tests.ValidatorTests.LengthValidatorTestCase.ExactLengthValidation" executed="True" success="True" time="0.001" asserts="4" />
                              <test-case name="Castle.Components.Validator.Tests.ValidatorTests.LengthValidatorTestCase.RangeValidation" executed="True" success="True" time="0.000" asserts="5" />
                            </results>
                          </test-suite>
                          <test-suite name="NonEmptyValidatorTestCase" executed="True" success="True" time="0.001" asserts="0">
                            <results>
                              <test-case name="Castle.Components.Validator.Tests.ValidatorTests.NonEmptyValidatorTestCase.EmptyStrings" executed="True" success="True" time="0.001" asserts="2" />
                              <test-case name="Castle.Components.Validator.Tests.ValidatorTests.NonEmptyValidatorTestCase.NonEmptyStrings" executed="True" success="True" time="0.000" asserts="2" />
                              <test-case name="Castle.Components.Validator.Tests.ValidatorTests.NonEmptyValidatorTestCase.NullableTypes" executed="True" success="True" time="0.000" asserts="2" />
                            </results>
                          </test-suite>
                          <test-suite name="NonEmptyWithSameAs" executed="True" success="True" time="0.002" asserts="0">
                            <results>
                              <test-case name="Castle.Components.Validator.Tests.ValidatorTests.NonEmptyWithSameAs.COMP87_Invalid" executed="True" success="True" time="0.001" asserts="7" />
                              <test-case name="Castle.Components.Validator.Tests.ValidatorTests.NonEmptyWithSameAs.COMP87_Valid" executed="True" success="True" time="0.000" asserts="1" />
                            </results>
                          </test-suite>
                          <test-suite name="NotSameAsValidatorTestCase" executed="True" success="True" time="0.004" asserts="0">
                            <results>
                              <test-case name="Castle.Components.Validator.Tests.ValidatorTests.NotSameAsValidatorTestCase.InvalidForInt" executed="True" success="True" time="0.001" asserts="1" />
                              <test-case name="Castle.Components.Validator.Tests.ValidatorTests.NotSameAsValidatorTestCase.InvalidForString" executed="True" success="True" time="0.000" asserts="6" />
                              <test-case name="Castle.Components.Validator.Tests.ValidatorTests.NotSameAsValidatorTestCase.ValidForInt" executed="True" success="True" time="0.000" asserts="1" />
                              <test-case name="Castle.Components.Validator.Tests.ValidatorTests.NotSameAsValidatorTestCase.ValidForString" executed="True" success="True" time="0.000" asserts="5" />
                            </results>
                          </test-suite>
                          <test-suite name="NotSameValueValidatorTestCase" executed="True" success="True" time="0.004" asserts="0">
                            <results>
                              <test-case name="Castle.Components.Validator.Tests.ValidatorTests.NotSameValueValidatorTestCase.InvalidForInt" executed="True" success="True" time="0.002" asserts="1" />
                              <test-case name="Castle.Components.Validator.Tests.ValidatorTests.NotSameValueValidatorTestCase.InvalidForString" executed="True" success="True" time="0.000" asserts="2" />
                              <test-case name="Castle.Components.Validator.Tests.ValidatorTests.NotSameValueValidatorTestCase.InvalidGuid" executed="True" success="True" time="0.000" asserts="1" />
                              <test-case name="Castle.Components.Validator.Tests.ValidatorTests.NotSameValueValidatorTestCase.ValidForInt" executed="True" success="True" time="0.000" asserts="1" />
                              <test-case name="Castle.Components.Validator.Tests.ValidatorTests.NotSameValueValidatorTestCase.ValidForString" executed="True" success="True" time="0.000" asserts="1" />
                            </results>
                          </test-suite>
                          <test-suite name="RangeValidatorTestCase" executed="True" success="True" time="0.312" asserts="0">
                            <results>
                              <test-case name="Castle.Components.Validator.Tests.ValidatorTests.RangeValidatorTestCase.CustomMessageIsReturned" executed="True" success="True" time="0.008" asserts="2" />
                              <test-case name="Castle.Components.Validator.Tests.ValidatorTests.RangeValidatorTestCase.CustomMessageIsSentToIBrowserValidationGenerator" executed="True" success="True" time="0.280" asserts="2" />
                              <test-case name="Castle.Components.Validator.Tests.ValidatorTests.RangeValidatorTestCase.RangeDateTimeTooHighValidator" executed="True" success="True" time="0.002" asserts="3" />
                              <test-case name="Castle.Components.Validator.Tests.ValidatorTests.RangeValidatorTestCase.RangeDateTimeTooLowOrHighValidator" executed="True" success="True" time="0.002" asserts="4" />
                              <test-case name="Castle.Components.Validator.Tests.ValidatorTests.RangeValidatorTestCase.RangeDateTimeTooLowValidator" executed="True" success="True" time="0.001" asserts="3" />
                              <test-case name="Castle.Components.Validator.Tests.ValidatorTests.RangeValidatorTestCase.RangeDecimalTooHighValidator" executed="True" success="True" time="0.001" asserts="3" />
                              <test-case name="Castle.Components.Validator.Tests.ValidatorTests.RangeValidatorTestCase.RangeDecimalTooLowOrHighValidator" executed="True" success="True" time="0.002" asserts="4" />
                              <test-case name="Castle.Components.Validator.Tests.ValidatorTests.RangeValidatorTestCase.RangeDecimalTooLowValidator" executed="True" success="True" time="0.001" asserts="3" />
                              <test-case name="Castle.Components.Validator.Tests.ValidatorTests.RangeValidatorTestCase.RangeIntTooHighValidator" executed="True" success="True" time="0.001" asserts="3" />
                              <test-case name="Castle.Components.Validator.Tests.ValidatorTests.RangeValidatorTestCase.RangeIntTooLowOrHighValidator" executed="True" success="True" time="0.001" asserts="4" />
                              <test-case name="Castle.Components.Validator.Tests.ValidatorTests.RangeValidatorTestCase.RangeIntTooLowValidator" executed="True" success="True" time="0.001" asserts="3" />
                              <test-case name="Castle.Components.Validator.Tests.ValidatorTests.RangeValidatorTestCase.RangeLongTooHighValidator" executed="True" success="True" time="0.001" asserts="3" />
                              <test-case name="Castle.Components.Validator.Tests.ValidatorTests.RangeValidatorTestCase.RangeLongTooLowOrHighValidator" executed="True" success="True" time="0.002" asserts="4" />
                              <test-case name="Castle.Components.Validator.Tests.ValidatorTests.RangeValidatorTestCase.RangeLongTooLowValidator" executed="True" success="True" time="0.001" asserts="3" />
                              <test-case name="Castle.Components.Validator.Tests.ValidatorTests.RangeValidatorTestCase.RangeStringTooHighValidator" executed="True" success="True" time="0.001" asserts="2" />
                              <test-case name="Castle.Components.Validator.Tests.ValidatorTests.RangeValidatorTestCase.RangeStringTooLowOrHighValidator" executed="True" success="True" time="0.001" asserts="3" />
                              <test-case name="Castle.Components.Validator.Tests.ValidatorTests.RangeValidatorTestCase.RangeStringTooLowValidator" executed="True" success="True" time="0.001" asserts="2" />
                            </results>
                          </test-suite>
                          <test-suite name="RegularExpressionValidatorTestCase" executed="True" success="True" time="0.004" asserts="0">
                            <results>
                              <test-case name="Castle.Components.Validator.Tests.ValidatorTests.RegularExpressionValidatorTestCase.InvalidRegularExpression" executed="True" success="True" time="0.002" asserts="1" />
                              <test-case name="Castle.Components.Validator.Tests.ValidatorTests.RegularExpressionValidatorTestCase.ValidRegularExpression" executed="True" success="True" time="0.002" asserts="3" />
                            </results>
                          </test-suite>
                          <test-suite name="SameAsValidatorTestCase" executed="True" success="True" time="0.004" asserts="0">
                            <results>
                              <test-case name="Castle.Components.Validator.Tests.ValidatorTests.SameAsValidatorTestCase.InvalidForInt" executed="True" success="True" time="0.002" asserts="2" />
                              <test-case name="Castle.Components.Validator.Tests.ValidatorTests.SameAsValidatorTestCase.InvalidForString" executed="True" success="True" time="0.000" asserts="3" />
                              <test-case name="Castle.Components.Validator.Tests.ValidatorTests.SameAsValidatorTestCase.ValidForInt" executed="True" success="True" time="0.000" asserts="1" />
                              <test-case name="Castle.Components.Validator.Tests.ValidatorTests.SameAsValidatorTestCase.ValidForNestedTarget" executed="True" success="True" time="0.001" asserts="1" />
                              <test-case name="Castle.Components.Validator.Tests.ValidatorTests.SameAsValidatorTestCase.ValidForString" executed="True" success="True" time="0.000" asserts="3" />
                            </results>
                          </test-suite>
                          <test-suite name="SetValidatorTestCase" executed="True" success="True" time="0.012" asserts="0">
                            <results>
                              <test-case name="Castle.Components.Validator.Tests.ValidatorTests.SetValidatorTestCase.EnumSetValidator" executed="True" success="True" time="0.003" asserts="3" />
                              <test-case name="Castle.Components.Validator.Tests.ValidatorTests.SetValidatorTestCase.FlagsEnumSetValidator" executed="True" success="True" time="0.006" asserts="4" />
                              <test-case name="Castle.Components.Validator.Tests.ValidatorTests.SetValidatorTestCase.NumberParamsSetValidator" executed="True" success="True" time="0.000" asserts="7" />
                              <test-case name="Castle.Components.Validator.Tests.ValidatorTests.SetValidatorTestCase.StringArraySetValidator" executed="True" success="True" time="0.000" asserts="3" />
                              <test-case name="Castle.Components.Validator.Tests.ValidatorTests.SetValidatorTestCase.StringParamsSetValidator" executed="True" success="True" time="0.000" asserts="3" />
                            </results>
                          </test-suite>
                          <test-suite name="SingleValidatorTestCase" executed="True" success="True" time="0.002" asserts="0">
                            <results>
                              <test-case name="Castle.Components.Validator.Tests.ValidatorTests.SingleValidatorTestCase.InvalidSingle" executed="True" success="True" time="0.001" asserts="1" />
                              <test-case name="Castle.Components.Validator.Tests.ValidatorTests.SingleValidatorTestCase.ValidSingle" executed="True" success="True" time="0.001" asserts="6" />
                            </results>
                          </test-suite>
                          <test-suite name="TimeSpanValidatorTestCase" executed="True" success="True" time="0.002" asserts="0">
                            <results>
                              <test-case name="Castle.Components.Validator.Tests.ValidatorTests.TimeSpanValidatorTestCase.InvalidTimeSpans" executed="True" success="True" time="0.001" asserts="9" />
                              <test-case name="Castle.Components.Validator.Tests.ValidatorTests.TimeSpanValidatorTestCase.ValidTimeSpans" executed="True" success="True" time="0.000" asserts="8" />
                            </results>
                          </test-suite>
                        </results>
                      </test-suite>
                    </results>
                  </test-suite>
                </results>
              </test-suite>
            </results>
          </test-suite>
        </results>
      </test-suite>
      <test-suite name="ValidatorTutorial" executed="True" success="True" time="0.017" asserts="0">
        <results>
          <test-suite name="Tests" executed="True" success="True" time="0.016" asserts="0">
            <results>
              <test-suite name="Validators" executed="True" success="True" time="0.014" asserts="0">
                <results>
                  <test-suite name="IsGreaterValidatorTestCase" executed="True" success="True" time="0.006" asserts="0">
                    <results>
                      <test-case name="ValidatorTutorial.Tests.Validators.IsGreaterValidatorTestCase.DateIsGreaterNotValid" executed="True" success="True" time="0.003" asserts="3" />
                      <test-case name="ValidatorTutorial.Tests.Validators.IsGreaterValidatorTestCase.DateIsGreaterValid" executed="True" success="True" time="0.001" asserts="2" />
                      <test-case name="ValidatorTutorial.Tests.Validators.IsGreaterValidatorTestCase.FieldValueNullIsValid" executed="True" success="True" time="0.000" asserts="2" />
                      <test-case name="ValidatorTutorial.Tests.Validators.IsGreaterValidatorTestCase.IntegerIsGreaterValid" executed="True" success="True" time="0.000" asserts="1" />
                      <test-case name="ValidatorTutorial.Tests.Validators.IsGreaterValidatorTestCase.ReferenceValueNullIsValid" executed="True" success="True" time="0.000" asserts="1" />
                    </results>
                  </test-suite>
                  <test-suite name="IsLesserValidatorTestCase" executed="True" success="True" time="0.006" asserts="0">
                    <results>
                      <test-case name="ValidatorTutorial.Tests.Validators.IsLesserValidatorTestCase.DateIsLesserNotValid" executed="True" success="True" time="0.003" asserts="3" />
                      <test-case name="ValidatorTutorial.Tests.Validators.IsLesserValidatorTestCase.DateIsLesserValid" executed="True" success="True" time="0.001" asserts="2" />
                      <test-case name="ValidatorTutorial.Tests.Validators.IsLesserValidatorTestCase.FieldValueNullIsValid" executed="True" success="True" time="0.001" asserts="2" />
                      <test-case name="ValidatorTutorial.Tests.Validators.IsLesserValidatorTestCase.IntegerIsLesserValid" executed="True" success="True" time="0.001" asserts="1" />
                      <test-case name="ValidatorTutorial.Tests.Validators.IsLesserValidatorTestCase.ReferenceValueNullIsValid" executed="True" success="True" time="0.000" asserts="1" />
                    </results>
                  </test-suite>
                </results>
              </test-suite>
            </results>
          </test-suite>
        </results>
      </test-suite>
    </results>
  </test-suite>
</test-results>